2016/04/24 21:19:19 [asm_amd64.s:1998][I] http server Running on :8080
2016/04/24 21:22:25 [asm_amd64.s:1998][I] http server Running on :8080
2016/04/24 22:05:26 [graphql.go:44][I] Sending response &{map[latestUser:Hello world!] []} 
2016/04/24 22:05:26 [router.go:829][D] | GET        | /api/v1/graphql                          | 122.439687ms     | match      | /api/v1/graphql/                         | 
2016/04/24 22:07:16 [graphql.go:44][I] Sending response &{map[latestUser:Hello world!] []} 
2016/04/24 22:07:16 [router.go:829][D] | GET        | /api/v1/graphql                          | 1.676158ms       | match      | /api/v1/graphql/                         | 
2016/04/24 22:07:30 [graphql.go:44][I] Sending response &{map[latestUser:Hello world!] []} 
2016/04/24 22:07:30 [router.go:829][D] | GET        | /api/v1/graphql                          | 1.414052ms       | match      | /api/v1/graphql/                         | 
2016/04/24 22:07:32 [graphql.go:44][I] Sending response &{map[latestUser:Hello world!] []} 
2016/04/24 22:07:32 [router.go:829][D] | GET        | /api/v1/graphql                          | 1.708916ms       | match      | /api/v1/graphql/                         | 
2016/04/24 22:07:33 [graphql.go:44][I] Sending response &{map[latestUser:Hello world!] []} 
2016/04/24 22:07:33 [router.go:829][D] | GET        | /api/v1/graphql                          | 1.595448ms       | match      | /api/v1/graphql/                         | 
2016/04/24 22:07:34 [graphql.go:44][I] Sending response &{map[latestUser:Hello world!] []} 
2016/04/24 22:07:34 [router.go:829][D] | GET        | /api/v1/graphql                          | 2.35647ms        | match      | /api/v1/graphql/                         | 
2016/04/24 22:07:42 [graphql.go:44][I] Sending response &{map[latestUser:Hello world!] []} 
2016/04/24 22:07:42 [router.go:829][D] | GET        | /api/v1/graphql                          | 1.260203ms       | match      | /api/v1/graphql/                         | 
2016/04/24 22:07:44 [graphql.go:44][I] Sending response &{map[latestUser:Hello world!] []} 
2016/04/24 22:07:44 [router.go:829][D] | GET        | /api/v1/graphql                          | 2.099613ms       | match      | /api/v1/graphql/                         | 
2016/04/24 22:07:45 [graphql.go:44][I] Sending response &{map[latestUser:Hello world!] []} 
2016/04/24 22:07:45 [router.go:829][D] | GET        | /api/v1/graphql                          | 1.946517ms       | match      | /api/v1/graphql/                         | 
2016/04/24 22:07:45 [graphql.go:44][I] Sending response &{map[latestUser:Hello world!] []} 
2016/04/24 22:07:45 [router.go:829][D] | GET        | /api/v1/graphql                          | 1.688281ms       | match      | /api/v1/graphql/                         | 
2016/04/24 22:13:09 [asm_amd64.s:1998][I] http server Running on :8080
2016/04/24 22:23:05 [asm_amd64.s:1998][I] http server Running on :8080
2016/04/24 22:26:52 [asm_amd64.s:1998][I] http server Running on :8080
2016/04/24 22:27:03 [asm_amd64.s:1998][I] http server Running on :8080
2016/04/24 22:29:20 [asm_amd64.s:1998][I] http server Running on :8080
2016/04/24 22:29:28 [asm_amd64.s:1998][I] http server Running on :8080
2016/04/24 22:31:41 [asm_amd64.s:1998][I] http server Running on :8080
2016/04/24 22:32:38 [asm_amd64.s:1998][I] http server Running on :8080
2016/04/24 22:32:43 [graphql.go:44][I] Sending response &{map[latestUser:Hello world!] []} 
2016/04/24 22:32:43 [router.go:829][D] | GET        | /api/v1/graphql                          | 29.233104ms      | match      | /api/v1/graphql/                         | 
2016/04/24 22:33:43 [asm_amd64.s:1998][I] http server Running on :8080
2016/04/24 22:42:10 [asm_amd64.s:1998][I] http server Running on :8080
2016/04/24 22:42:30 [asm_amd64.s:1998][I] http server Running on :8080
2016/04/24 22:42:32 [asm_amd64.s:1998][I] http server Running on :8080
2016/04/24 22:42:41 [asm_amd64.s:1998][I] http server Running on :8080
2016/04/24 22:43:33 [asm_amd64.s:1998][I] http server Running on :8080
2016/04/24 22:43:40 [asm_amd64.s:1998][I] http server Running on :8080
2016/04/24 22:43:42 [asm_amd64.s:1998][I] http server Running on :8080
2016/04/24 22:45:06 [graphql.go:44][I] Sending response &{map[latestUser:Hello world!] []} 
2016/04/24 22:45:06 [router.go:829][D] | GET        | /api/v1/graphql                          | 2.547828ms       | match      | /api/v1/graphql/                         | 
2016/04/24 22:46:11 [asm_amd64.s:1998][I] http server Running on :8080
2016/04/24 22:46:15 [graphql.go:44][I] Sending response &{map[latestUser:&{1 Jacob Taylor emilyjohnson@example.com 523238 2643272628580112 2016-04-24 22:43:39.572191 +0530 IST}] []} 
2016/04/24 22:46:15 [router.go:829][D] | GET        | /api/v1/graphql                          | 3.161679ms       | match      | /api/v1/graphql/                         | 
2016/04/24 22:46:28 [asm_amd64.s:1998][I] http server Running on :8080
2016/04/24 22:46:30 [graphql.go:44][I] Sending response &{map[latestUser:{1 Jacob Taylor emilyjohnson@example.com 523238 2643272628580112 2016-04-24 22:43:39.572191 +0530 IST}] []} 
2016/04/24 22:46:30 [router.go:829][D] | GET        | /api/v1/graphql                          | 3.472186ms       | match      | /api/v1/graphql/                         | 
2016/04/24 22:46:45 [graphql.go:44][I] Sending response &{map[latestUser:{1 Jacob Taylor emilyjohnson@example.com 523238 2643272628580112 2016-04-24 22:43:39.572191 +0530 IST}] []} 
2016/04/24 22:46:45 [router.go:829][D] | GET        | /api/v1/graphql                          | 3.257935ms       | match      | /api/v1/graphql/                         | 
2016/04/24 22:48:11 [asm_amd64.s:1998][I] http server Running on :8080
2016/04/24 22:55:51 [asm_amd64.s:1998][I] http server Running on :8080
2016/04/24 22:56:35 [asm_amd64.s:1998][I] http server Running on :8080
2016/04/24 22:58:40 [asm_amd64.s:1998][I] http server Running on :8080
2016/04/24 22:58:43 [graphql.go:45][I] Sending response &{map[latestUser:[123 34 73 100 34 58 49 44 34 70 105 114 115 116 34 58 34 74 97 99 111 98 34 44 34 76 97 115 116 34 58 34 84 97 121 108 111 114 34 44 34 69 109 97 105 108 34 58 34 101 109 105 108 121 106 111 104 110 115 111 110 64 101 120 97 109 112 108 101 46 99 111 109 34 44 34 80 97 115 115 119 111 114 100 34 58 34 53 50 51 50 51 56 34 44 34 82 101 103 95 107 101 121 34 58 34 50 54 52 51 50 55 50 54 50 56 53 56 48 49 49 50 34 44 34 82 101 103 95 100 97 116 101 34 58 34 50 48 49 54 45 48 52 45 50 52 84 50 50 58 52 51 58 51 57 46 53 55 50 49 57 49 43 48 53 58 51 48 34 125]] []} 
2016/04/24 22:58:43 [router.go:829][D] | GET        | /api/v1/graphql                          | 3.059385ms       | match      | /api/v1/graphql/                         | 
2016/04/24 22:59:04 [asm_amd64.s:1998][I] http server Running on :8080
2016/04/24 22:59:08 [graphql.go:45][I] Sending response &{map[latestUser:[123 34 73 100 34 58 49 44 34 70 105 114 115 116 34 58 34 74 97 99 111 98 34 44 34 76 97 115 116 34 58 34 84 97 121 108 111 114 34 44 34 69 109 97 105 108 34 58 34 101 109 105 108 121 106 111 104 110 115 111 110 64 101 120 97 109 112 108 101 46 99 111 109 34 44 34 80 97 115 115 119 111 114 100 34 58 34 53 50 51 50 51 56 34 44 34 82 101 103 95 107 101 121 34 58 34 50 54 52 51 50 55 50 54 50 56 53 56 48 49 49 50 34 44 34 82 101 103 95 100 97 116 101 34 58 34 50 48 49 54 45 48 52 45 50 52 84 50 50 58 52 51 58 51 57 46 53 55 50 49 57 49 43 48 53 58 51 48 34 125]] []} 
2016/04/24 22:59:08 [router.go:829][D] | GET        | /api/v1/graphql                          | 2.778817ms       | match      | /api/v1/graphql/                         | 
2016/04/24 23:00:56 [asm_amd64.s:1998][I] http server Running on :8080
2016/04/24 23:01:04 [graphql.go:45][I] Sending response &{map[latestUser:&{1 Jacob Taylor emilyjohnson@example.com 523238 2643272628580112 2016-04-24 22:43:39.572191 +0530 IST}] []} 
2016/04/24 23:01:04 [router.go:829][D] | GET        | /api/v1/graphql                          | 2.474044ms       | match      | /api/v1/graphql/                         | 
2016/04/24 23:01:06 [asm_amd64.s:1998][I] http server Running on :8080
2016/04/24 23:58:14 [asm_amd64.s:1998][I] http server Running on :8080
2016/04/24 23:58:17 [asm_amd64.s:1998][I] http server Running on :8080
2016/04/24 23:58:20 [graphql.go:50][I] Sending response &{map[latestUser:&{1 Jacob Taylor emilyjohnson@example.com 523238 2643272628580112 2016-04-24 22:43:39.572191 +0530 IST}] []} 
2016/04/24 23:58:20 [router.go:829][D] | GET        | /api/v1/graphql                          | 29.421947ms      | match      | /api/v1/graphql/                         | 
2016/04/24 23:58:52 [asm_amd64.s:1998][I] http server Running on :8080
2016/04/24 23:58:55 [asm_amd64.s:1998][I] http server Running on :8080
2016/04/24 23:59:40 [graphql.go:50][I] [123 34 108 97 116 101 115 116 85 115 101 114 34 58 34 92 117 48 48 50 54 123 49 32 74 97 99 111 98 32 84 97 121 108 111 114 32 101 109 105 108 121 106 111 104 110 115 111 110 64 101 120 97 109 112 108 101 46 99 111 109 32 53 50 51 50 51 56 32 50 54 52 51 50 55 50 54 50 56 53 56 48 49 49 50 32 50 48 49 54 45 48 52 45 50 52 32 50 50 58 52 51 58 51 57 46 53 55 50 49 57 49 32 43 48 53 51 48 32 73 83 84 125 34 125] 
2016/04/24 23:59:40 [router.go:829][D] | GET        | /api/v1/graphql                          | 5.750925ms       | match      | /api/v1/graphql/                         | 
